12/2/2017 1:21:8: Peer 1002 makes a connection to Peer 1001.
12/2/2017 1:21:13: Peer 1002 is unchoked by 1001.
12/2/2017 1:21:13: Peer 1002 has downloaded the piece 1567 from 1001. Now the number of pieces it has is 1.
12/2/2017 1:21:13: Peer 1002 has downloaded the complete file.
12/2/2017 1:21:13: Peer 1002 has downloaded the piece 1738 from 1001. Now the number of pieces it has is 2.
12/2/2017 1:21:13: Peer 1002 has downloaded the complete file.
12/2/2017 1:21:13: Peer 1002 has downloaded the piece 807 from 1001. Now the number of pieces it has is 3.
12/2/2017 1:21:13: Peer 1002 has downloaded the complete file.
12/2/2017 1:21:13: Peer 1002 received the 'not interested' message from 1001.
12/2/2017 1:21:13: Peer 1002 received the 'not interested' message from 1001.
12/2/2017 1:21:13: Peer 1002 received the 'not interested' message from 1001.
12/2/2017 1:21:13: Peer 1002 has downloaded the piece 171 from 1001. Now the number of pieces it has is 4.
12/2/2017 1:21:13: Peer 1002 has downloaded the complete file.
12/2/2017 1:21:13: Peer 1002 received the 'not interested' message from 1001.
12/2/2017 1:21:13: Peer 1002 has downloaded the piece 1937 from 1001. Now the number of pieces it has is 5.
12/2/2017 1:21:13: Peer 1002 has downloaded the complete file.
12/2/2017 1:21:13: Peer 1002 received the 'not interested' message from 1001.
12/2/2017 1:21:13: Peer 1002 has downloaded the piece 1326 from 1001. Now the number of pieces it has is 6.
12/2/2017 1:21:13: Peer 1002 has downloaded the complete file.
12/2/2017 1:21:13: Peer 1002 received the 'not interested' message from 1001.
12/2/2017 1:21:13: Peer 1002 has downloaded the piece 1668 from 1001. Now the number of pieces it has is 7.
12/2/2017 1:21:13: Peer 1002 has downloaded the complete file.
12/2/2017 1:21:13: Peer 1002 received the 'not interested' message from 1001.
12/2/2017 1:21:13: Peer 1002 has downloaded the piece 279 from 1001. Now the number of pieces it has is 8.
12/2/2017 1:21:13: Peer 1002 has downloaded the complete file.
12/2/2017 1:21:13: Peer 1002 received the 'not interested' message from 1001.
12/2/2017 1:21:13: Peer 1002 has downloaded the piece 1212 from 1001. Now the number of pieces it has is 9.
12/2/2017 1:21:13: Peer 1002 has downloaded the complete file.
12/2/2017 1:21:13: Peer 1002 received the 'not interested' message from 1001.
12/2/2017 1:21:13: Peer 1002 has downloaded the piece 203 from 1001. Now the number of pieces it has is 10.
12/2/2017 1:21:13: Peer 1002 has downloaded the complete file.
12/2/2017 1:21:13: Peer 1002 received the 'not interested' message from 1001.
12/2/2017 1:21:13: Peer 1002 has downloaded the piece 613 from 1001. Now the number of pieces it has is 11.
12/2/2017 1:21:13: Peer 1002 has downloaded the complete file.
12/2/2017 1:21:13: Peer 1002 received the 'not interested' message from 1001.
12/2/2017 1:21:13: Peer 1002 has downloaded the piece 1235 from 1001. Now the number of pieces it has is 12.
12/2/2017 1:21:13: Peer 1002 has downloaded the complete file.
12/2/2017 1:21:13: Peer 1002 received the 'not interested' message from 1001.
12/2/2017 1:21:13: Peer 1002 has downloaded the piece 1186 from 1001. Now the number of pieces it has is 13.
12/2/2017 1:21:13: Peer 1002 has downloaded the complete file.
12/2/2017 1:21:13: Peer 1002 has downloaded the piece 1480 from 1001. Now the number of pieces it has is 14.
12/2/2017 1:21:13: Peer 1002 has downloaded the complete file.
12/2/2017 1:21:13: Peer 1002 received the 'not interested' message from 1001.
12/2/2017 1:21:13: Peer 1002 received the 'not interested' message from 1001.
12/2/2017 1:21:13: Peer 1002 has downloaded the piece 1237 from 1001. Now the number of pieces it has is 15.
12/2/2017 1:21:13: Peer 1002 has downloaded the complete file.
12/2/2017 1:21:13: Peer 1002 received the 'not interested' message from 1001.
12/2/2017 1:21:13: Peer 1002 has downloaded the piece 1593 from 1001. Now the number of pieces it has is 16.
12/2/2017 1:21:13: Peer 1002 has downloaded the complete file.
12/2/2017 1:21:13: Peer 1002 received the 'not interested' message from 1001.
12/2/2017 1:21:13: Peer 1002 has downloaded the piece 1054 from 1001. Now the number of pieces it has is 17.
12/2/2017 1:21:13: Peer 1002 has downloaded the complete file.
12/2/2017 1:21:13: Peer 1002 has downloaded the piece 601 from 1001. Now the number of pieces it has is 18.
12/2/2017 1:21:13: Peer 1002 has downloaded the complete file.
12/2/2017 1:21:13: Peer 1002 has downloaded the piece 1634 from 1001. Now the number of pieces it has is 19.
12/2/2017 1:21:13: Peer 1002 has downloaded the complete file.
12/2/2017 1:21:13: Peer 1002 has downloaded the piece 1332 from 1001. Now the number of pieces it has is 20.
12/2/2017 1:21:13: Peer 1002 has downloaded the complete file.
12/2/2017 1:21:13: Peer 1002 received the 'not interested' message from 1001.
12/2/2017 1:21:13: Peer 1002 received the 'not interested' message from 1001.
12/2/2017 1:21:13: Peer 1002 received the 'not interested' message from 1001.
12/2/2017 1:21:13: Peer 1002 has downloaded the piece 735 from 1001. Now the number of pieces it has is 21.
12/2/2017 1:21:13: Peer 1002 has downloaded the complete file.
12/2/2017 1:21:13: Peer 1002 has downloaded the piece 1957 from 1001. Now the number of pieces it has is 22.
12/2/2017 1:21:13: Peer 1002 has downloaded the complete file.
12/2/2017 1:21:13: Peer 1002 has downloaded the piece 1586 from 1001. Now the number of pieces it has is 23.
12/2/2017 1:21:13: Peer 1002 has downloaded the complete file.
12/2/2017 1:21:13: Peer 1002 received the 'not interested' message from 1001.
12/2/2017 1:21:13: Peer 1002 received the 'not interested' message from 1001.
12/2/2017 1:21:13: Peer 1002 received the 'not interested' message from 1001.
12/2/2017 1:21:13: Peer 1002 received the 'not interested' message from 1001.
12/2/2017 1:21:13: Peer 1002 has downloaded the piece 1008 from 1001. Now the number of pieces it has is 24.
12/2/2017 1:21:13: Peer 1002 has downloaded the complete file.
12/2/2017 1:21:13: Peer 1002 received the 'not interested' message from 1001.
12/2/2017 1:21:13: Peer 1002 has downloaded the piece 1804 from 1001. Now the number of pieces it has is 25.
12/2/2017 1:21:13: Peer 1002 has downloaded the complete file.
12/2/2017 1:21:13: Peer 1002 received the 'not interested' message from 1001.
12/2/2017 1:21:13: Peer 1002 has downloaded the piece 362 from 1001. Now the number of pieces it has is 26.
12/2/2017 1:21:13: Peer 1002 has downloaded the complete file.
12/2/2017 1:21:13: Peer 1002 has downloaded the piece 1873 from 1001. Now the number of pieces it has is 27.
12/2/2017 1:21:13: Peer 1002 has downloaded the complete file.
12/2/2017 1:21:13: Peer 1002 received the 'not interested' message from 1001.
12/2/2017 1:21:13: Peer 1002 has downloaded the piece 267 from 1001. Now the number of pieces it has is 28.
12/2/2017 1:21:13: Peer 1002 has downloaded the complete file.
12/2/2017 1:21:13: Peer 1002 received the 'not interested' message from 1001.
12/2/2017 1:21:13: Peer 1002 received the 'not interested' message from 1001.
12/2/2017 1:21:13: Peer 1002 has downloaded the piece 972 from 1001. Now the number of pieces it has is 29.
12/2/2017 1:21:13: Peer 1002 has downloaded the complete file.
12/2/2017 1:21:13: Peer 1002 received the 'not interested' message from 1001.
12/2/2017 1:21:13: Peer 1002 has downloaded the piece 36 from 1001. Now the number of pieces it has is 30.
12/2/2017 1:21:13: Peer 1002 has downloaded the complete file.
12/2/2017 1:21:13: Peer 1002 has downloaded the piece 106 from 1001. Now the number of pieces it has is 31.
12/2/2017 1:21:13: Peer 1002 has downloaded the complete file.
12/2/2017 1:21:13: Peer 1002 received the 'not interested' message from 1001.
12/2/2017 1:21:13: Peer 1002 received the 'not interested' message from 1001.
12/2/2017 1:21:13: Peer 1002 has downloaded the piece 1002 from 1001. Now the number of pieces it has is 32.
12/2/2017 1:21:13: Peer 1002 has downloaded the complete file.
12/2/2017 1:21:13: Peer 1002 has downloaded the piece 1812 from 1001. Now the number of pieces it has is 33.
12/2/2017 1:21:13: Peer 1002 has downloaded the complete file.
12/2/2017 1:21:13: Peer 1002 received the 'not interested' message from 1001.
12/2/2017 1:21:13: Peer 1002 received the 'not interested' message from 1001.
12/2/2017 1:21:13: Peer 1002 has downloaded the piece 280 from 1001. Now the number of pieces it has is 34.
12/2/2017 1:21:13: Peer 1002 has downloaded the complete file.
12/2/2017 1:21:13: Peer 1002 has downloaded the piece 478 from 1001. Now the number of pieces it has is 35.
12/2/2017 1:21:13: Peer 1002 has downloaded the complete file.
12/2/2017 1:21:13: Peer 1002 received the 'not interested' message from 1001.
12/2/2017 1:21:13: Peer 1002 has downloaded the piece 815 from 1001. Now the number of pieces it has is 36.
12/2/2017 1:21:13: Peer 1002 has downloaded the complete file.
12/2/2017 1:21:13: Peer 1002 received the 'not interested' message from 1001.
12/2/2017 1:21:13: Peer 1002 received the 'not interested' message from 1001.
12/2/2017 1:21:13: Peer 1002 has downloaded the piece 249 from 1001. Now the number of pieces it has is 37.
12/2/2017 1:21:13: Peer 1002 has downloaded the complete file.
12/2/2017 1:21:13: Peer 1002 has downloaded the piece 1682 from 1001. Now the number of pieces it has is 38.
12/2/2017 1:21:13: Peer 1002 has downloaded the complete file.
12/2/2017 1:21:13: Peer 1002 has downloaded the piece 387 from 1001. Now the number of pieces it has is 39.
12/2/2017 1:21:13: Peer 1002 has downloaded the complete file.
12/2/2017 1:21:13: Peer 1002 received the 'not interested' message from 1001.
12/2/2017 1:21:13: Peer 1002 received the 'not interested' message from 1001.
12/2/2017 1:21:13: Peer 1002 received the 'not interested' message from 1001.
12/2/2017 1:21:13: Peer 1002 has downloaded the piece 504 from 1001. Now the number of pieces it has is 40.
12/2/2017 1:21:13: Peer 1002 has downloaded the complete file.
12/2/2017 1:21:13: Peer 1002 received the 'not interested' message from 1001.
12/2/2017 1:21:13: Peer 1002 has downloaded the piece 1718 from 1001. Now the number of pieces it has is 41.
12/2/2017 1:21:13: Peer 1002 has downloaded the complete file.
12/2/2017 1:21:13: Peer 1002 received the 'not interested' message from 1001.
12/2/2017 1:21:13: Peer 1002 has downloaded the piece 1448 from 1001. Now the number of pieces it has is 42.
12/2/2017 1:21:13: Peer 1002 has downloaded the complete file.
12/2/2017 1:21:13: Peer 1002 received the 'not interested' message from 1001.
12/2/2017 1:21:13: Peer 1002 has downloaded the piece 1159 from 1001. Now the number of pieces it has is 43.
12/2/2017 1:21:13: Peer 1002 has downloaded the complete file.
12/2/2017 1:21:13: Peer 1002 received the 'not interested' message from 1001.
12/2/2017 1:21:13: Peer 1002 has downloaded the piece 465 from 1001. Now the number of pieces it has is 44.
12/2/2017 1:21:13: Peer 1002 has downloaded the complete file.
12/2/2017 1:21:13: Peer 1002 received the 'not interested' message from 1001.
12/2/2017 1:21:13: Peer 1002 has downloaded the piece 1581 from 1001. Now the number of pieces it has is 45.
12/2/2017 1:21:13: Peer 1002 has downloaded the complete file.
12/2/2017 1:21:13: Peer 1002 received the 'not interested' message from 1001.
12/2/2017 1:21:13: Peer 1002 has downloaded the piece 650 from 1001. Now the number of pieces it has is 46.
12/2/2017 1:21:13: Peer 1002 has downloaded the complete file.
12/2/2017 1:21:13: Peer 1002 received the 'not interested' message from 1001.
12/2/2017 1:21:13: Peer 1002 has downloaded the piece 1758 from 1001. Now the number of pieces it has is 47.
12/2/2017 1:21:13: Peer 1002 has downloaded the complete file.
12/2/2017 1:21:13: Peer 1002 received the 'not interested' message from 1001.
12/2/2017 1:21:13: Peer 1002 has downloaded the piece 29 from 1001. Now the number of pieces it has is 48.
12/2/2017 1:21:13: Peer 1002 has downloaded the complete file.
12/2/2017 1:21:13: Peer 1002 received the 'not interested' message from 1001.
12/2/2017 1:21:13: Peer 1002 has downloaded the piece 667 from 1001. Now the number of pieces it has is 49.
12/2/2017 1:21:13: Peer 1002 has downloaded the complete file.
12/2/2017 1:21:13: Peer 1002 has downloaded the piece 1744 from 1001. Now the number of pieces it has is 50.
12/2/2017 1:21:13: Peer 1002 has downloaded the complete file.
12/2/2017 1:21:13: Peer 1002 received the 'not interested' message from 1001.
12/2/2017 1:21:13: Peer 1002 received the 'not interested' message from 1001.
12/2/2017 1:21:13: Peer 1002 has downloaded the piece 302 from 1001. Now the number of pieces it has is 51.
12/2/2017 1:21:13: Peer 1002 has downloaded the complete file.
12/2/2017 1:21:13: Peer 1002 received the 'not interested' message from 1001.
12/2/2017 1:21:13: Peer 1002 has downloaded the piece 1717 from 1001. Now the number of pieces it has is 52.
12/2/2017 1:21:13: Peer 1002 has downloaded the complete file.
12/2/2017 1:21:13: Peer 1002 received the 'not interested' message from 1001.
12/2/2017 1:21:13: Peer 1002 has downloaded the piece 953 from 1001. Now the number of pieces it has is 53.
12/2/2017 1:21:13: Peer 1002 has downloaded the complete file.
12/2/2017 1:21:13: Peer 1002 has downloaded the piece 1881 from 1001. Now the number of pieces it has is 54.
12/2/2017 1:21:13: Peer 1002 has downloaded the complete file.
12/2/2017 1:21:13: Peer 1002 received the 'not interested' message from 1001.
12/2/2017 1:21:13: Peer 1002 received the 'not interested' message from 1001.
12/2/2017 1:21:13: Peer 1002 has downloaded the piece 1228 from 1001. Now the number of pieces it has is 55.
12/2/2017 1:21:13: Peer 1002 has downloaded the complete file.
12/2/2017 1:21:13: Peer 1002 received the 'not interested' message from 1001.
12/2/2017 1:21:13: Peer 1002 has downloaded the piece 593 from 1001. Now the number of pieces it has is 56.
12/2/2017 1:21:13: Peer 1002 has downloaded the complete file.
12/2/2017 1:21:13: Peer 1002 received the 'not interested' message from 1001.
12/2/2017 1:21:13: Peer 1002 has downloaded the piece 759 from 1001. Now the number of pieces it has is 57.
12/2/2017 1:21:13: Peer 1002 has downloaded the complete file.
12/2/2017 1:21:13: Peer 1002 received the 'not interested' message from 1001.
12/2/2017 1:21:13: Peer 1002 has downloaded the piece 787 from 1001. Now the number of pieces it has is 58.
12/2/2017 1:21:13: Peer 1002 has downloaded the complete file.
12/2/2017 1:21:13: Peer 1002 received the 'not interested' message from 1001.
12/2/2017 1:21:13: Peer 1002 has downloaded the piece 360 from 1001. Now the number of pieces it has is 59.
12/2/2017 1:21:13: Peer 1002 has downloaded the complete file.
12/2/2017 1:21:13: Peer 1002 received the 'not interested' message from 1001.
12/2/2017 1:21:13: Peer 1002 has downloaded the piece 733 from 1001. Now the number of pieces it has is 60.
12/2/2017 1:21:13: Peer 1002 has downloaded the complete file.
12/2/2017 1:21:13: Peer 1002 received the 'not interested' message from 1001.
12/2/2017 1:21:13: Peer 1002 has downloaded the piece 157 from 1001. Now the number of pieces it has is 61.
12/2/2017 1:21:13: Peer 1002 has downloaded the complete file.
12/2/2017 1:21:13: Peer 1002 received the 'not interested' message from 1001.
12/2/2017 1:21:13: Peer 1002 has downloaded the piece 1037 from 1001. Now the number of pieces it has is 62.
12/2/2017 1:21:13: Peer 1002 has downloaded the complete file.
12/2/2017 1:21:13: Peer 1002 received the 'not interested' message from 1001.
12/2/2017 1:21:13: Peer 1002 has downloaded the piece 1753 from 1001. Now the number of pieces it has is 63.
12/2/2017 1:21:13: Peer 1002 has downloaded the complete file.
12/2/2017 1:21:13: Peer 1002 received the 'not interested' message from 1001.
12/2/2017 1:21:13: Peer 1002 has downloaded the piece 2098 from 1001. Now the number of pieces it has is 64.
12/2/2017 1:21:13: Peer 1002 has downloaded the complete file.
12/2/2017 1:21:13: Peer 1002 has downloaded the piece 926 from 1001. Now the number of pieces it has is 65.
12/2/2017 1:21:13: Peer 1002 has downloaded the complete file.
12/2/2017 1:21:13: Peer 1002 received the 'not interested' message from 1001.
12/2/2017 1:21:13: Peer 1002 received the 'not interested' message from 1001.
12/2/2017 1:21:13: Peer 1002 has downloaded the piece 330 from 1001. Now the number of pieces it has is 66.
12/2/2017 1:21:13: Peer 1002 has downloaded the complete file.
12/2/2017 1:21:13: Peer 1002 has downloaded the piece 1549 from 1001. Now the number of pieces it has is 67.
12/2/2017 1:21:13: Peer 1002 has downloaded the complete file.
12/2/2017 1:21:13: Peer 1002 received the 'not interested' message from 1001.
12/2/2017 1:21:13: Peer 1002 received the 'not interested' message from 1001.
12/2/2017 1:21:13: Peer 1002 has downloaded the piece 480 from 1001. Now the number of pieces it has is 68.
12/2/2017 1:21:13: Peer 1002 has downloaded the complete file.
12/2/2017 1:21:13: Peer 1002 has downloaded the piece 1046 from 1001. Now the number of pieces it has is 69.
12/2/2017 1:21:13: Peer 1002 has downloaded the complete file.
12/2/2017 1:21:13: Peer 1002 received the 'not interested' message from 1001.
12/2/2017 1:21:13: Peer 1002 has downloaded the piece 1492 from 1001. Now the number of pieces it has is 70.
12/2/2017 1:21:13: Peer 1002 has downloaded the complete file.
12/2/2017 1:21:13: Peer 1002 received the 'not interested' message from 1001.
12/2/2017 1:21:13: Peer 1002 has downloaded the piece 681 from 1001. Now the number of pieces it has is 71.
12/2/2017 1:21:13: Peer 1002 has downloaded the complete file.
12/2/2017 1:21:13: Peer 1002 received the 'not interested' message from 1001.
12/2/2017 1:21:13: Peer 1002 has downloaded the piece 190 from 1001. Now the number of pieces it has is 72.
12/2/2017 1:21:13: Peer 1002 has downloaded the complete file.
12/2/2017 1:21:13: Peer 1002 received the 'not interested' message from 1001.
12/2/2017 1:21:13: Peer 1002 received the 'not interested' message from 1001.
12/2/2017 1:21:13: Peer 1002 has downloaded the piece 691 from 1001. Now the number of pieces it has is 73.
12/2/2017 1:21:13: Peer 1002 has downloaded the complete file.
12/2/2017 1:21:13: Peer 1002 received the 'not interested' message from 1001.
12/2/2017 1:21:13: Peer 1002 has downloaded the piece 121 from 1001. Now the number of pieces it has is 74.
12/2/2017 1:21:13: Peer 1002 has downloaded the complete file.
12/2/2017 1:21:13: Peer 1002 has downloaded the piece 831 from 1001. Now the number of pieces it has is 75.
12/2/2017 1:21:13: Peer 1002 has downloaded the complete file.
12/2/2017 1:21:13: Peer 1002 has downloaded the piece 737 from 1001. Now the number of pieces it has is 76.
12/2/2017 1:21:13: Peer 1002 has downloaded the complete file.
12/2/2017 1:21:13: Peer 1002 has downloaded the piece 902 from 1001. Now the number of pieces it has is 77.
12/2/2017 1:21:13: Peer 1002 has downloaded the complete file.
12/2/2017 1:21:13: Peer 1002 has downloaded the piece 979 from 1001. Now the number of pieces it has is 78.
12/2/2017 1:21:13: Peer 1002 has downloaded the complete file.
12/2/2017 1:21:13: Peer 1002 received the 'not interested' message from 1001.
12/2/2017 1:21:13: Peer 1002 received the 'not interested' message from 1001.
12/2/2017 1:21:13: Peer 1002 received the 'not interested' message from 1001.
12/2/2017 1:21:13: Peer 1002 received the 'not interested' message from 1001.
12/2/2017 1:21:13: Peer 1002 received the 'not interested' message from 1001.
12/2/2017 1:21:13: Peer 1002 has downloaded the piece 1916 from 1001. Now the number of pieces it has is 79.
12/2/2017 1:21:13: Peer 1002 has downloaded the complete file.
12/2/2017 1:21:13: Peer 1002 received the 'not interested' message from 1001.
12/2/2017 1:21:13: Peer 1002 has downloaded the piece 1631 from 1001. Now the number of pieces it has is 80.
12/2/2017 1:21:13: Peer 1002 has downloaded the complete file.
12/2/2017 1:21:13: Peer 1002 received the 'not interested' message from 1001.
12/2/2017 1:21:13: Peer 1002 has downloaded the piece 129 from 1001. Now the number of pieces it has is 81.
12/2/2017 1:21:13: Peer 1002 has downloaded the complete file.
12/2/2017 1:21:13: Peer 1002 has downloaded the piece 914 from 1001. Now the number of pieces it has is 82.
12/2/2017 1:21:13: Peer 1002 has downloaded the complete file.
12/2/2017 1:21:13: Peer 1002 has downloaded the piece 1762 from 1001. Now the number of pieces it has is 83.
12/2/2017 1:21:13: Peer 1002 has downloaded the complete file.
12/2/2017 1:21:13: Peer 1002 has downloaded the piece 1743 from 1001. Now the number of pieces it has is 84.
12/2/2017 1:21:13: Peer 1002 has downloaded the complete file.
12/2/2017 1:21:13: Peer 1002 received the 'not interested' message from 1001.
12/2/2017 1:21:13: Peer 1002 received the 'not interested' message from 1001.
12/2/2017 1:21:13: Peer 1002 received the 'not interested' message from 1001.
12/2/2017 1:21:13: Peer 1002 received the 'not interested' message from 1001.
12/2/2017 1:21:13: Peer 1002 has downloaded the piece 1404 from 1001. Now the number of pieces it has is 85.
12/2/2017 1:21:13: Peer 1002 has downloaded the complete file.
12/2/2017 1:21:13: Peer 1002 has downloaded the piece 1138 from 1001. Now the number of pieces it has is 86.
12/2/2017 1:21:13: Peer 1002 has downloaded the complete file.
12/2/2017 1:21:13: Peer 1002 received the 'not interested' message from 1001.
12/2/2017 1:21:13: Peer 1002 received the 'not interested' message from 1001.
12/2/2017 1:21:13: Peer 1002 has downloaded the piece 133 from 1001. Now the number of pieces it has is 87.
12/2/2017 1:21:13: Peer 1002 has downloaded the complete file.
12/2/2017 1:21:13: Peer 1002 received the 'not interested' message from 1001.
12/2/2017 1:21:13: Peer 1002 has downloaded the piece 1170 from 1001. Now the number of pieces it has is 88.
12/2/2017 1:21:13: Peer 1002 has downloaded the complete file.
12/2/2017 1:21:13: Peer 1002 has downloaded the piece 1323 from 1001. Now the number of pieces it has is 89.
12/2/2017 1:21:13: Peer 1002 has downloaded the complete file.
12/2/2017 1:21:13: Peer 1002 has downloaded the piece 531 from 1001. Now the number of pieces it has is 90.
12/2/2017 1:21:13: Peer 1002 has downloaded the complete file.
12/2/2017 1:21:13: Peer 1002 has downloaded the piece 108 from 1001. Now the number of pieces it has is 91.
12/2/2017 1:21:13: Peer 1002 has downloaded the complete file.
12/2/2017 1:21:13: Peer 1002 received the 'not interested' message from 1001.
12/2/2017 1:21:13: Peer 1002 received the 'not interested' message from 1001.
12/2/2017 1:21:13: Peer 1002 received the 'not interested' message from 1001.
12/2/2017 1:21:13: Peer 1002 received the 'not interested' message from 1001.
12/2/2017 1:21:13: Peer 1002 has downloaded the piece 1252 from 1001. Now the number of pieces it has is 92.
12/2/2017 1:21:13: Peer 1002 has downloaded the complete file.
12/2/2017 1:21:13: Peer 1002 received the 'not interested' message from 1001.
12/2/2017 1:21:13: Peer 1002 has downloaded the piece 1907 from 1001. Now the number of pieces it has is 93.
12/2/2017 1:21:13: Peer 1002 has downloaded the complete file.
12/2/2017 1:21:13: Peer 1002 received the 'not interested' message from 1001.
12/2/2017 1:21:13: Peer 1002 has downloaded the piece 1099 from 1001. Now the number of pieces it has is 94.
12/2/2017 1:21:13: Peer 1002 has downloaded the complete file.
12/2/2017 1:21:13: Peer 1002 has downloaded the piece 258 from 1001. Now the number of pieces it has is 95.
12/2/2017 1:21:13: Peer 1002 has downloaded the complete file.
12/2/2017 1:21:13: Peer 1002 received the 'not interested' message from 1001.
12/2/2017 1:21:13: Peer 1002 received the 'not interested' message from 1001.
12/2/2017 1:21:13: Peer 1002 has downloaded the piece 234 from 1001. Now the number of pieces it has is 96.
12/2/2017 1:21:13: Peer 1002 has downloaded the complete file.
12/2/2017 1:21:13: Peer 1002 received the 'not interested' message from 1001.
12/2/2017 1:21:13: Peer 1002 has downloaded the piece 1388 from 1001. Now the number of pieces it has is 97.
12/2/2017 1:21:13: Peer 1002 has downloaded the complete file.
12/2/2017 1:21:13: Peer 1002 received the 'not interested' message from 1001.
12/2/2017 1:21:13: Peer 1002 has downloaded the piece 2034 from 1001. Now the number of pieces it has is 98.
12/2/2017 1:21:13: Peer 1002 has downloaded the complete file.
12/2/2017 1:21:13: Peer 1002 has downloaded the piece 1716 from 1001. Now the number of pieces it has is 99.
12/2/2017 1:21:13: Peer 1002 has downloaded the complete file.
12/2/2017 1:21:13: Peer 1002 received the 'not interested' message from 1001.
12/2/2017 1:21:13: Peer 1002 has downloaded the piece 929 from 1001. Now the number of pieces it has is 100.
12/2/2017 1:21:13: Peer 1002 has downloaded the complete file.
12/2/2017 1:21:13: Peer 1002 received the 'not interested' message from 1001.
12/2/2017 1:21:13: Peer 1002 received the 'not interested' message from 1001.
12/2/2017 1:21:13: Peer 1002 has downloaded the piece 2009 from 1001. Now the number of pieces it has is 101.
12/2/2017 1:21:13: Peer 1002 has downloaded the complete file.
12/2/2017 1:21:13: Peer 1002 received the 'not interested' message from 1001.
12/2/2017 1:21:13: Peer 1002 has downloaded the piece 1334 from 1001. Now the number of pieces it has is 102.
12/2/2017 1:21:13: Peer 1002 has downloaded the complete file.
12/2/2017 1:21:13: Peer 1002 received the 'not interested' message from 1001.
12/2/2017 1:21:13: Peer 1002 has downloaded the piece 80 from 1001. Now the number of pieces it has is 103.
12/2/2017 1:21:13: Peer 1002 has downloaded the complete file.
12/2/2017 1:21:13: Peer 1002 received the 'not interested' message from 1001.
12/2/2017 1:21:13: Peer 1002 has downloaded the piece 1268 from 1001. Now the number of pieces it has is 104.
12/2/2017 1:21:13: Peer 1002 has downloaded the complete file.
12/2/2017 1:21:13: Peer 1002 has downloaded the piece 1561 from 1001. Now the number of pieces it has is 105.
12/2/2017 1:21:13: Peer 1002 has downloaded the complete file.
12/2/2017 1:21:13: Peer 1002 received the 'not interested' message from 1001.
12/2/2017 1:21:13: Peer 1002 received the 'not interested' message from 1001.
12/2/2017 1:21:13: Peer 1002 has downloaded the piece 1164 from 1001. Now the number of pieces it has is 106.
12/2/2017 1:21:13: Peer 1002 has downloaded the complete file.
12/2/2017 1:21:13: Peer 1002 received the 'not interested' message from 1001.
12/2/2017 1:21:13: Peer 1002 has downloaded the piece 1168 from 1001. Now the number of pieces it has is 107.
12/2/2017 1:21:13: Peer 1002 has downloaded the complete file.
12/2/2017 1:21:13: Peer 1002 received the 'not interested' message from 1001.
12/2/2017 1:21:13: Peer 1002 has downloaded the piece 1424 from 1001. Now the number of pieces it has is 108.
12/2/2017 1:21:13: Peer 1002 has downloaded the complete file.
12/2/2017 1:21:13: Peer 1002 received the 'not interested' message from 1001.
12/2/2017 1:21:13: Peer 1002 has downloaded the piece 1987 from 1001. Now the number of pieces it has is 109.
12/2/2017 1:21:13: Peer 1002 has downloaded the complete file.
12/2/2017 1:21:13: Peer 1002 has downloaded the piece 1959 from 1001. Now the number of pieces it has is 110.
12/2/2017 1:21:13: Peer 1002 has downloaded the complete file.
12/2/2017 1:21:13: Peer 1002 received the 'not interested' message from 1001.
12/2/2017 1:21:13: Peer 1002 has downloaded the piece 372 from 1001. Now the number of pieces it has is 111.
12/2/2017 1:21:13: Peer 1002 has downloaded the complete file.
12/2/2017 1:21:13: Peer 1002 received the 'not interested' message from 1001.
12/2/2017 1:21:13: Peer 1002 received the 'not interested' message from 1001.
12/2/2017 1:21:13: Peer 1002 has downloaded the piece 1715 from 1001. Now the number of pieces it has is 112.
12/2/2017 1:21:13: Peer 1002 has downloaded the complete file.
12/2/2017 1:21:13: Peer 1002 received the 'not interested' message from 1001.
12/2/2017 1:21:13: Peer 1002 has downloaded the piece 663 from 1001. Now the number of pieces it has is 113.
12/2/2017 1:21:13: Peer 1002 has downloaded the complete file.
12/2/2017 1:21:13: Peer 1002 received the 'not interested' message from 1001.
12/2/2017 1:21:13: Peer 1002 has downloaded the piece 1647 from 1001. Now the number of pieces it has is 114.
12/2/2017 1:21:13: Peer 1002 has downloaded the complete file.
12/2/2017 1:21:13: Peer 1002 received the 'not interested' message from 1001.
12/2/2017 1:21:13: Peer 1002 has downloaded the piece 1163 from 1001. Now the number of pieces it has is 115.
12/2/2017 1:21:13: Peer 1002 has downloaded the complete file.
12/2/2017 1:21:13: Peer 1002 received the 'not interested' message from 1001.
12/2/2017 1:21:13: Peer 1002 has downloaded the piece 1965 from 1001. Now the number of pieces it has is 116.
12/2/2017 1:21:13: Peer 1002 has downloaded the complete file.
12/2/2017 1:21:13: Peer 1002 received the 'not interested' message from 1001.
12/2/2017 1:21:13: Peer 1002 has downloaded the piece 324 from 1001. Now the number of pieces it has is 117.
12/2/2017 1:21:13: Peer 1002 has downloaded the complete file.
12/2/2017 1:21:13: Peer 1002 received the 'not interested' message from 1001.
12/2/2017 1:21:13: Peer 1002 has downloaded the piece 1349 from 1001. Now the number of pieces it has is 118.
12/2/2017 1:21:13: Peer 1002 has downloaded the complete file.
12/2/2017 1:21:13: Peer 1002 has downloaded the piece 882 from 1001. Now the number of pieces it has is 119.
12/2/2017 1:21:13: Peer 1002 has downloaded the complete file.
12/2/2017 1:21:13: Peer 1002 received the 'not interested' message from 1001.
12/2/2017 1:21:13: Peer 1002 has downloaded the piece 2082 from 1001. Now the number of pieces it has is 120.
12/2/2017 1:21:13: Peer 1002 has downloaded the complete file.
12/2/2017 1:21:13: Peer 1002 received the 'not interested' message from 1001.
12/2/2017 1:21:13: Peer 1002 has downloaded the piece 1322 from 1001. Now the number of pieces it has is 121.
12/2/2017 1:21:13: Peer 1002 has downloaded the complete file.
12/2/2017 1:21:13: Peer 1002 received the 'not interested' message from 1001.
12/2/2017 1:21:13: Peer 1002 received the 'not interested' message from 1001.
12/2/2017 1:21:13: Peer 1002 has downloaded the piece 506 from 1001. Now the number of pieces it has is 122.
12/2/2017 1:21:13: Peer 1002 has downloaded the complete file.
12/2/2017 1:21:13: Peer 1002 received the 'not interested' message from 1001.
12/2/2017 1:21:13: Peer 1002 has downloaded the piece 1110 from 1001. Now the number of pieces it has is 123.
12/2/2017 1:21:13: Peer 1002 has downloaded the complete file.
12/2/2017 1:21:13: Peer 1002 has downloaded the piece 985 from 1001. Now the number of pieces it has is 124.
12/2/2017 1:21:13: Peer 1002 has downloaded the complete file.
12/2/2017 1:21:13: Peer 1002 has downloaded the piece 1210 from 1001. Now the number of pieces it has is 125.
12/2/2017 1:21:13: Peer 1002 has downloaded the complete file.
12/2/2017 1:21:13: Peer 1002 received the 'not interested' message from 1001.
12/2/2017 1:21:13: Peer 1002 received the 'not interested' message from 1001.
12/2/2017 1:21:13: Peer 1002 received the 'not interested' message from 1001.
12/2/2017 1:21:13: Peer 1002 has downloaded the piece 1087 from 1001. Now the number of pieces it has is 126.
12/2/2017 1:21:13: Peer 1002 has downloaded the complete file.
12/2/2017 1:21:13: Peer 1002 received the 'not interested' message from 1001.
12/2/2017 1:21:13: Peer 1002 has downloaded the piece 2046 from 1001. Now the number of pieces it has is 127.
12/2/2017 1:21:13: Peer 1002 has downloaded the complete file.
12/2/2017 1:21:13: Peer 1002 received the 'not interested' message from 1001.
12/2/2017 1:21:13: Peer 1002 has downloaded the piece 818 from 1001. Now the number of pieces it has is 128.
12/2/2017 1:21:13: Peer 1002 has downloaded the complete file.
12/2/2017 1:21:13: Peer 1002 has downloaded the piece 596 from 1001. Now the number of pieces it has is 129.
12/2/2017 1:21:13: Peer 1002 has downloaded the complete file.
12/2/2017 1:21:13: Peer 1002 received the 'not interested' message from 1001.
12/2/2017 1:21:13: Peer 1002 has downloaded the piece 152 from 1001. Now the number of pieces it has is 130.
12/2/2017 1:21:13: Peer 1002 has downloaded the complete file.
12/2/2017 1:21:13: Peer 1002 received the 'not interested' message from 1001.
12/2/2017 1:21:13: Peer 1002 has downloaded the piece 2045 from 1001. Now the number of pieces it has is 131.
12/2/2017 1:21:13: Peer 1002 has downloaded the complete file.
12/2/2017 1:21:13: Peer 1002 received the 'not interested' message from 1001.
12/2/2017 1:21:13: Peer 1002 received the 'not interested' message from 1001.
12/2/2017 1:21:13: Peer 1002 has downloaded the piece 1922 from 1001. Now the number of pieces it has is 132.
12/2/2017 1:21:13: Peer 1002 has downloaded the complete file.
12/2/2017 1:21:13: Peer 1002 received the 'not interested' message from 1001.
12/2/2017 1:21:13: Peer 1002 has downloaded the piece 274 from 1001. Now the number of pieces it has is 133.
12/2/2017 1:21:13: Peer 1002 has downloaded the complete file.
12/2/2017 1:21:13: Peer 1002 received the 'not interested' message from 1001.
12/2/2017 1:21:13: Peer 1002 has downloaded the piece 2007 from 1001. Now the number of pieces it has is 134.
12/2/2017 1:21:13: Peer 1002 has downloaded the complete file.
12/2/2017 1:21:13: Peer 1002 received the 'not interested' message from 1001.
12/2/2017 1:21:13: Peer 1002 has downloaded the piece 1183 from 1001. Now the number of pieces it has is 135.
12/2/2017 1:21:13: Peer 1002 has downloaded the complete file.
12/2/2017 1:21:13: Peer 1002 received the 'not interested' message from 1001.
12/2/2017 1:21:13: Peer 1002 has downloaded the piece 1118 from 1001. Now the number of pieces it has is 136.
12/2/2017 1:21:13: Peer 1002 has downloaded the complete file.
12/2/2017 1:21:13: Peer 1002 received the 'not interested' message from 1001.
12/2/2017 1:21:13: Peer 1002 has downloaded the piece 997 from 1001. Now the number of pieces it has is 137.
12/2/2017 1:21:13: Peer 1002 has downloaded the complete file.
12/2/2017 1:21:13: Peer 1002 has downloaded the piece 226 from 1001. Now the number of pieces it has is 138.
12/2/2017 1:21:13: Peer 1002 has downloaded the complete file.
12/2/2017 1:21:13: Peer 1002 received the 'not interested' message from 1001.
12/2/2017 1:21:13: Peer 1002 received the 'not interested' message from 1001.
12/2/2017 1:21:13: Peer 1002 has downloaded the piece 1861 from 1001. Now the number of pieces it has is 139.
12/2/2017 1:21:13: Peer 1002 has downloaded the complete file.
12/2/2017 1:21:13: Peer 1002 received the 'not interested' message from 1001.
12/2/2017 1:21:13: Peer 1002 has downloaded the piece 444 from 1001. Now the number of pieces it has is 140.
12/2/2017 1:21:13: Peer 1002 has downloaded the complete file.
12/2/2017 1:21:13: Peer 1002 received the 'not interested' message from 1001.
12/2/2017 1:21:13: Peer 1002 has downloaded the piece 652 from 1001. Now the number of pieces it has is 141.
12/2/2017 1:21:13: Peer 1002 has downloaded the complete file.
12/2/2017 1:21:13: Peer 1002 received the 'not interested' message from 1001.
12/2/2017 1:21:13: Peer 1002 has downloaded the piece 728 from 1001. Now the number of pieces it has is 142.
12/2/2017 1:21:13: Peer 1002 has downloaded the complete file.
12/2/2017 1:21:13: Peer 1002 received the 'not interested' message from 1001.
12/2/2017 1:21:13: Peer 1002 has downloaded the piece 67 from 1001. Now the number of pieces it has is 143.
12/2/2017 1:21:13: Peer 1002 has downloaded the complete file.
12/2/2017 1:21:13: Peer 1002 received the 'not interested' message from 1001.
12/2/2017 1:21:13: Peer 1002 has downloaded the piece 1298 from 1001. Now the number of pieces it has is 144.
12/2/2017 1:21:13: Peer 1002 has downloaded the complete file.
12/2/2017 1:21:13: Peer 1002 received the 'not interested' message from 1001.
12/2/2017 1:21:13: Peer 1002 has downloaded the piece 2059 from 1001. Now the number of pieces it has is 145.
12/2/2017 1:21:13: Peer 1002 has downloaded the complete file.
12/2/2017 1:21:13: Peer 1002 received the 'not interested' message from 1001.
12/2/2017 1:21:13: Peer 1002 has downloaded the piece 114 from 1001. Now the number of pieces it has is 146.
12/2/2017 1:21:13: Peer 1002 has downloaded the complete file.
12/2/2017 1:21:13: Peer 1002 received the 'not interested' message from 1001.
12/2/2017 1:21:13: Peer 1002 has downloaded the piece 1617 from 1001. Now the number of pieces it has is 147.
12/2/2017 1:21:13: Peer 1002 has downloaded the complete file.
12/2/2017 1:21:13: Peer 1002 received the 'not interested' message from 1001.
12/2/2017 1:21:13: Peer 1002 has downloaded the piece 1100 from 1001. Now the number of pieces it has is 148.
12/2/2017 1:21:13: Peer 1002 has downloaded the complete file.
12/2/2017 1:21:13: Peer 1002 received the 'not interested' message from 1001.
12/2/2017 1:21:13: Peer 1002 has downloaded the piece 359 from 1001. Now the number of pieces it has is 149.
12/2/2017 1:21:13: Peer 1002 has downloaded the complete file.
12/2/2017 1:21:13: Peer 1002 received the 'not interested' message from 1001.
12/2/2017 1:21:13: Peer 1002 has downloaded the piece 1908 from 1001. Now the number of pieces it has is 150.
12/2/2017 1:21:13: Peer 1002 has downloaded the complete file.
12/2/2017 1:21:13: Peer 1002 received the 'not interested' message from 1001.
12/2/2017 1:21:13: Peer 1002 has downloaded the piece 2076 from 1001. Now the number of pieces it has is 151.
12/2/2017 1:21:13: Peer 1002 has downloaded the complete file.
12/2/2017 1:21:13: Peer 1002 received the 'not interested' message from 1001.
12/2/2017 1:21:13: Peer 1002 has downloaded the piece 345 from 1001. Now the number of pieces it has is 152.
12/2/2017 1:21:13: Peer 1002 has downloaded the complete file.
12/2/2017 1:21:13: Peer 1002 received the 'not interested' message from 1001.
12/2/2017 1:21:13: Peer 1002 has downloaded the piece 1890 from 1001. Now the number of pieces it has is 153.
12/2/2017 1:21:13: Peer 1002 has downloaded the complete file.
12/2/2017 1:21:13: Peer 1002 received the 'not interested' message from 1001.
12/2/2017 1:21:13: Peer 1002 has downloaded the piece 1841 from 1001. Now the number of pieces it has is 154.
12/2/2017 1:21:13: Peer 1002 has downloaded the complete file.
12/2/2017 1:21:13: Peer 1002 received the 'not interested' message from 1001.
12/2/2017 1:21:13: Peer 1002 has downloaded the piece 1057 from 1001. Now the number of pieces it has is 155.
12/2/2017 1:21:13: Peer 1002 has downloaded the complete file.
12/2/2017 1:21:13: Peer 1002 received the 'not interested' message from 1001.
12/2/2017 1:21:13: Peer 1002 has downloaded the piece 976 from 1001. Now the number of pieces it has is 156.
12/2/2017 1:21:13: Peer 1002 has downloaded the complete file.
12/2/2017 1:21:13: Peer 1002 received the 'not interested' message from 1001.
12/2/2017 1:21:13: Peer 1002 has downloaded the piece 947 from 1001. Now the number of pieces it has is 157.
12/2/2017 1:21:13: Peer 1002 has downloaded the complete file.
12/2/2017 1:21:13: Peer 1002 received the 'not interested' message from 1001.
12/2/2017 1:21:13: Peer 1002 has downloaded the piece 1750 from 1001. Now the number of pieces it has is 158.
12/2/2017 1:21:13: Peer 1002 has downloaded the complete file.
12/2/2017 1:21:13: Peer 1002 received the 'not interested' message from 1001.
12/2/2017 1:21:13: Peer 1002 has downloaded the piece 848 from 1001. Now the number of pieces it has is 159.
12/2/2017 1:21:13: Peer 1002 has downloaded the complete file.
12/2/2017 1:21:13: Peer 1002 received the 'not interested' message from 1001.
12/2/2017 1:21:13: Peer 1002 has downloaded the piece 1819 from 1001. Now the number of pieces it has is 160.
12/2/2017 1:21:13: Peer 1002 has downloaded the complete file.
12/2/2017 1:21:13: Peer 1002 has downloaded the piece 1309 from 1001. Now the number of pieces it has is 161.
12/2/2017 1:21:13: Peer 1002 has downloaded the complete file.
12/2/2017 1:21:13: Peer 1002 received the 'not interested' message from 1001.
12/2/2017 1:21:13: Peer 1002 received the 'not interested' message from 1001.
12/2/2017 1:21:13: Peer 1002 has downloaded the piece 1383 from 1001. Now the number of pieces it has is 162.
12/2/2017 1:21:13: Peer 1002 has downloaded the complete file.
12/2/2017 1:21:13: Peer 1002 received the 'not interested' message from 1001.
12/2/2017 1:21:13: Peer 1002 has downloaded the piece 181 from 1001. Now the number of pieces it has is 163.
12/2/2017 1:21:13: Peer 1002 has downloaded the complete file.
12/2/2017 1:21:13: Peer 1002 received the 'not interested' message from 1001.
12/2/2017 1:21:13: Peer 1002 has downloaded the piece 1496 from 1001. Now the number of pieces it has is 164.
12/2/2017 1:21:13: Peer 1002 has downloaded the complete file.
12/2/2017 1:21:13: Peer 1002 received the 'not interested' message from 1001.
12/2/2017 1:21:13: Peer 1002 has downloaded the piece 2006 from 1001. Now the number of pieces it has is 165.
12/2/2017 1:21:13: Peer 1002 has downloaded the complete file.
12/2/2017 1:21:13: Peer 1002 received the 'not interested' message from 1001.
12/2/2017 1:21:13: Peer 1002 has downloaded the piece 1132 from 1001. Now the number of pieces it has is 166.
12/2/2017 1:21:13: Peer 1002 has downloaded the complete file.
12/2/2017 1:21:13: Peer 1002 received the 'not interested' message from 1001.
12/2/2017 1:21:13: Peer 1002 has downloaded the piece 493 from 1001. Now the number of pieces it has is 167.
12/2/2017 1:21:13: Peer 1002 has downloaded the complete file.
12/2/2017 1:21:13: Peer 1002 received the 'not interested' message from 1001.
12/2/2017 1:21:13: Peer 1002 has downloaded the piece 1260 from 1001. Now the number of pieces it has is 168.
12/2/2017 1:21:13: Peer 1002 has downloaded the complete file.
12/2/2017 1:21:13: Peer 1002 received the 'not interested' message from 1001.
12/2/2017 1:21:13: Peer 1002 has downloaded the piece 472 from 1001. Now the number of pieces it has is 169.
12/2/2017 1:21:13: Peer 1002 has downloaded the complete file.
